<?xml version="1.0" encoding="UTF-8"?>
<testsuites>
  <testsuite name="" tests="51" assertions="75" errors="0" warnings="0" failures="0" skipped="0" time="0.020839">
    <testsuite name="Project Test Suite" tests="51" assertions="75" errors="0" warnings="0" failures="0" skipped="0" time="0.020839">
      <testsuite name="App\Card\BettingTest" file="/Users/emelieeklund/dbwebb-kurser/mvc/me/report/tests/Card/BettingTest.php" tests="3" assertions="3" errors="0" warnings="0" failures="0" skipped="0" time="0.004741">
        <testcase name="testBetWin" class="App\Card\BettingTest" classname="App.Card.BettingTest" file="/Users/emelieeklund/dbwebb-kurser/mvc/me/report/tests/Card/BettingTest.php" line="15" assertions="1" time="0.004372"/>
        <testcase name="testBetLoss" class="App\Card\BettingTest" classname="App.Card.BettingTest" file="/Users/emelieeklund/dbwebb-kurser/mvc/me/report/tests/Card/BettingTest.php" line="28" assertions="1" time="0.000206"/>
        <testcase name="testBetLossPointsGuessedOver240" class="App\Card\BettingTest" classname="App.Card.BettingTest" file="/Users/emelieeklund/dbwebb-kurser/mvc/me/report/tests/Card/BettingTest.php" line="41" assertions="1" time="0.000162"/>
      </testsuite>
      <testsuite name="App\Card\CardGraphicTest" file="/Users/emelieeklund/dbwebb-kurser/mvc/me/report/tests/Card/CardGraphicTest.php" tests="2" assertions="21" errors="0" warnings="0" failures="0" skipped="0" time="0.001440">
        <testcase name="testIfNameReturnedAsStr" class="App\Card\CardGraphicTest" classname="App.Card.CardGraphicTest" file="/Users/emelieeklund/dbwebb-kurser/mvc/me/report/tests/Card/CardGraphicTest.php" line="15" assertions="1" time="0.000902"/>
        <testcase name="testIfRankReturnedAsInt" class="App\Card\CardGraphicTest" classname="App.Card.CardGraphicTest" file="/Users/emelieeklund/dbwebb-kurser/mvc/me/report/tests/Card/CardGraphicTest.php" line="25" assertions="20" time="0.000538"/>
      </testsuite>
      <testsuite name="App\Card\CardHandTest" file="/Users/emelieeklund/dbwebb-kurser/mvc/me/report/tests/Card/CardHandTest.php" tests="3" assertions="4" errors="0" warnings="0" failures="0" skipped="0" time="0.000933">
        <testcase name="testNumberOfCards" class="App\Card\CardHandTest" classname="App.Card.CardHandTest" file="/Users/emelieeklund/dbwebb-kurser/mvc/me/report/tests/Card/CardHandTest.php" line="15" assertions="1" time="0.000569"/>
        <testcase name="testGetValuesReturnTypeString" class="App\Card\CardHandTest" classname="App.Card.CardHandTest" file="/Users/emelieeklund/dbwebb-kurser/mvc/me/report/tests/Card/CardHandTest.php" line="32" assertions="1" time="0.000168"/>
        <testcase name="testGetValuesAndGetSumOfGraphicCardHand" class="App\Card\CardHandTest" classname="App.Card.CardHandTest" file="/Users/emelieeklund/dbwebb-kurser/mvc/me/report/tests/Card/CardHandTest.php" line="45" assertions="2" time="0.000197"/>
      </testsuite>
      <testsuite name="App\Card\CardHolderTest" file="/Users/emelieeklund/dbwebb-kurser/mvc/me/report/tests/Card/CardHolderTest.php" tests="2" assertions="2" errors="0" warnings="0" failures="0" skipped="0" time="0.000612">
        <testcase name="testGetHolderID" class="App\Card\CardHolderTest" classname="App.Card.CardHolderTest" file="/Users/emelieeklund/dbwebb-kurser/mvc/me/report/tests/Card/CardHolderTest.php" line="15" assertions="1" time="0.000451"/>
        <testcase name="testGetHolderCard" class="App\Card\CardHolderTest" classname="App.Card.CardHolderTest" file="/Users/emelieeklund/dbwebb-kurser/mvc/me/report/tests/Card/CardHolderTest.php" line="25" assertions="1" time="0.000161"/>
      </testsuite>
      <testsuite name="App\Card\CardTest" file="/Users/emelieeklund/dbwebb-kurser/mvc/me/report/tests/Card/CardTest.php" tests="1" assertions="2" errors="0" warnings="0" failures="0" skipped="0" time="0.001332">
        <testcase name="testCreateCard" class="App\Card\CardTest" classname="App.Card.CardTest" file="/Users/emelieeklund/dbwebb-kurser/mvc/me/report/tests/Card/CardTest.php" line="15" assertions="2" time="0.001332"/>
      </testsuite>
      <testsuite name="App\Card\DeckOfCardsTest" file="/Users/emelieeklund/dbwebb-kurser/mvc/me/report/tests/Card/DeckOfCardsTest.php" tests="6" assertions="7" errors="0" warnings="0" failures="0" skipped="0" time="0.002618">
        <testcase name="testGetDeckSorted" class="App\Card\DeckOfCardsTest" classname="App.Card.DeckOfCardsTest" file="/Users/emelieeklund/dbwebb-kurser/mvc/me/report/tests/Card/DeckOfCardsTest.php" line="15" assertions="2" time="0.000815"/>
        <testcase name="testGetDeckShuffled" class="App\Card\DeckOfCardsTest" classname="App.Card.DeckOfCardsTest" file="/Users/emelieeklund/dbwebb-kurser/mvc/me/report/tests/Card/DeckOfCardsTest.php" line="28" assertions="1" time="0.000372"/>
        <testcase name="testGetGraphicDeck" class="App\Card\DeckOfCardsTest" classname="App.Card.DeckOfCardsTest" file="/Users/emelieeklund/dbwebb-kurser/mvc/me/report/tests/Card/DeckOfCardsTest.php" line="40" assertions="1" time="0.000480"/>
        <testcase name="testDrawReturnString" class="App\Card\DeckOfCardsTest" classname="App.Card.DeckOfCardsTest" file="/Users/emelieeklund/dbwebb-kurser/mvc/me/report/tests/Card/DeckOfCardsTest.php" line="51" assertions="1" time="0.000309"/>
        <testcase name="testDrawGraphicReturnType" class="App\Card\DeckOfCardsTest" classname="App.Card.DeckOfCardsTest" file="/Users/emelieeklund/dbwebb-kurser/mvc/me/report/tests/Card/DeckOfCardsTest.php" line="62" assertions="1" time="0.000305"/>
        <testcase name="testDrawNumberAndGetNrOfCards" class="App\Card\DeckOfCardsTest" classname="App.Card.DeckOfCardsTest" file="/Users/emelieeklund/dbwebb-kurser/mvc/me/report/tests/Card/DeckOfCardsTest.php" line="73" assertions="1" time="0.000337"/>
      </testsuite>
      <testsuite name="App\Card\GameBoardTest" file="/Users/emelieeklund/dbwebb-kurser/mvc/me/report/tests/Card/GameBoardTest.php" tests="9" assertions="11" errors="0" warnings="0" failures="0" skipped="0" time="0.003481">
        <testcase name="testGameBoardGetObjects" class="App\Card\GameBoardTest" classname="App.Card.GameBoardTest" file="/Users/emelieeklund/dbwebb-kurser/mvc/me/report/tests/Card/GameBoardTest.php" line="43" assertions="1" time="0.000756"/>
        <testcase name="testGameBoardGetHolderIds" class="App\Card\GameBoardTest" classname="App.Card.GameBoardTest" file="/Users/emelieeklund/dbwebb-kurser/mvc/me/report/tests/Card/GameBoardTest.php" line="61" assertions="1" time="0.000227"/>
        <testcase name="testGameBoardGetHolderCards" class="App\Card\GameBoardTest" classname="App.Card.GameBoardTest" file="/Users/emelieeklund/dbwebb-kurser/mvc/me/report/tests/Card/GameBoardTest.php" line="73" assertions="1" time="0.000244"/>
        <testcase name="testGameBoardGetIdAndCard" class="App\Card\GameBoardTest" classname="App.Card.GameBoardTest" file="/Users/emelieeklund/dbwebb-kurser/mvc/me/report/tests/Card/GameBoardTest.php" line="91" assertions="1" time="0.000244"/>
        <testcase name="testGameBoardColumns" class="App\Card\GameBoardTest" classname="App.Card.GameBoardTest" file="/Users/emelieeklund/dbwebb-kurser/mvc/me/report/tests/Card/GameBoardTest.php" line="109" assertions="2" time="0.000275"/>
        <testcase name="testGameBoardRows" class="App\Card\GameBoardTest" classname="App.Card.GameBoardTest" file="/Users/emelieeklund/dbwebb-kurser/mvc/me/report/tests/Card/GameBoardTest.php" line="122" assertions="2" time="0.000325"/>
        <testcase name="testGameBoardIfFullTrue" class="App\Card\GameBoardTest" classname="App.Card.GameBoardTest" file="/Users/emelieeklund/dbwebb-kurser/mvc/me/report/tests/Card/GameBoardTest.php" line="141" assertions="1" time="0.000601"/>
        <testcase name="testGameBoardIfFullFalse" class="App\Card\GameBoardTest" classname="App.Card.GameBoardTest" file="/Users/emelieeklund/dbwebb-kurser/mvc/me/report/tests/Card/GameBoardTest.php" line="159" assertions="1" time="0.000494"/>
        <testcase name="testGameBoardIfFourTrue" class="App\Card\GameBoardTest" classname="App.Card.GameBoardTest" file="/Users/emelieeklund/dbwebb-kurser/mvc/me/report/tests/Card/GameBoardTest.php" line="171" assertions="1" time="0.000313">
          <system-out>ace_of_diamonds2_of_clubsnull10_of_hearts8_of_diamonds</system-out>
        </testcase>
      </testsuite>
      <testsuite name="App\Card\GameTest" file="/Users/emelieeklund/dbwebb-kurser/mvc/me/report/tests/Card/GameTest.php" tests="2" assertions="2" errors="0" warnings="0" failures="0" skipped="0" time="0.000670">
        <testcase name="testGetScorePlayer" class="App\Card\GameTest" classname="App.Card.GameTest" file="/Users/emelieeklund/dbwebb-kurser/mvc/me/report/tests/Card/GameTest.php" line="15" assertions="1" time="0.000507"/>
        <testcase name="testGetScoreBankEmpty" class="App\Card\GameTest" classname="App.Card.GameTest" file="/Users/emelieeklund/dbwebb-kurser/mvc/me/report/tests/Card/GameTest.php" line="29" assertions="1" time="0.000163"/>
      </testsuite>
      <testsuite name="App\Card\PokerHandTest" file="/Users/emelieeklund/dbwebb-kurser/mvc/me/report/tests/Card/PokerHandTest.php" tests="12" assertions="12" errors="0" warnings="0" failures="0" skipped="0" time="0.002431">
        <testcase name="testIfOnePair" class="App\Card\PokerHandTest" classname="App.Card.PokerHandTest" file="/Users/emelieeklund/dbwebb-kurser/mvc/me/report/tests/Card/PokerHandTest.php" line="15" assertions="1" time="0.000700"/>
        <testcase name="testIfTwoPairs" class="App\Card\PokerHandTest" classname="App.Card.PokerHandTest" file="/Users/emelieeklund/dbwebb-kurser/mvc/me/report/tests/Card/PokerHandTest.php" line="28" assertions="1" time="0.000172"/>
        <testcase name="testIfTwoPairsFalse" class="App\Card\PokerHandTest" classname="App.Card.PokerHandTest" file="/Users/emelieeklund/dbwebb-kurser/mvc/me/report/tests/Card/PokerHandTest.php" line="40" assertions="1" time="0.000160"/>
        <testcase name="testIfThreeOfAKind" class="App\Card\PokerHandTest" classname="App.Card.PokerHandTest" file="/Users/emelieeklund/dbwebb-kurser/mvc/me/report/tests/Card/PokerHandTest.php" line="54" assertions="1" time="0.000162"/>
        <testcase name="testIfThreeOfAKindFalse" class="App\Card\PokerHandTest" classname="App.Card.PokerHandTest" file="/Users/emelieeklund/dbwebb-kurser/mvc/me/report/tests/Card/PokerHandTest.php" line="66" assertions="1" time="0.000154"/>
        <testcase name="testIfStraight" class="App\Card\PokerHandTest" classname="App.Card.PokerHandTest" file="/Users/emelieeklund/dbwebb-kurser/mvc/me/report/tests/Card/PokerHandTest.php" line="78" assertions="1" time="0.000156"/>
        <testcase name="testIfStraightFalse" class="App\Card\PokerHandTest" classname="App.Card.PokerHandTest" file="/Users/emelieeklund/dbwebb-kurser/mvc/me/report/tests/Card/PokerHandTest.php" line="90" assertions="1" time="0.000152"/>
        <testcase name="testIfFlush" class="App\Card\PokerHandTest" classname="App.Card.PokerHandTest" file="/Users/emelieeklund/dbwebb-kurser/mvc/me/report/tests/Card/PokerHandTest.php" line="102" assertions="1" time="0.000155"/>
        <testcase name="testIfFullHouse" class="App\Card\PokerHandTest" classname="App.Card.PokerHandTest" file="/Users/emelieeklund/dbwebb-kurser/mvc/me/report/tests/Card/PokerHandTest.php" line="114" assertions="1" time="0.000154"/>
        <testcase name="testIfFourOfAKind" class="App\Card\PokerHandTest" classname="App.Card.PokerHandTest" file="/Users/emelieeklund/dbwebb-kurser/mvc/me/report/tests/Card/PokerHandTest.php" line="126" assertions="1" time="0.000154"/>
        <testcase name="testIfStraightFlush" class="App\Card\PokerHandTest" classname="App.Card.PokerHandTest" file="/Users/emelieeklund/dbwebb-kurser/mvc/me/report/tests/Card/PokerHandTest.php" line="138" assertions="1" time="0.000154"/>
        <testcase name="testIfRoyalStraightFlush" class="App\Card\PokerHandTest" classname="App.Card.PokerHandTest" file="/Users/emelieeklund/dbwebb-kurser/mvc/me/report/tests/Card/PokerHandTest.php" line="150" assertions="1" time="0.000157"/>
      </testsuite>
      <testsuite name="App\Card\PokerSquareTest" file="/Users/emelieeklund/dbwebb-kurser/mvc/me/report/tests/Card/PokerSquareTest.php" tests="11" assertions="11" errors="0" warnings="0" failures="0" skipped="0" time="0.002583">
        <testcase name="testRankAsNumber" class="App\Card\PokerSquareTest" classname="App.Card.PokerSquareTest" file="/Users/emelieeklund/dbwebb-kurser/mvc/me/report/tests/Card/PokerSquareTest.php" line="15" assertions="1" time="0.000551"/>
        <testcase name="testWhichPokerHandNoPokerHand" class="App\Card\PokerSquareTest" classname="App.Card.PokerSquareTest" file="/Users/emelieeklund/dbwebb-kurser/mvc/me/report/tests/Card/PokerSquareTest.php" line="26" assertions="1" time="0.000223"/>
        <testcase name="testWhichPokerHandOnePair" class="App\Card\PokerSquareTest" classname="App.Card.PokerSquareTest" file="/Users/emelieeklund/dbwebb-kurser/mvc/me/report/tests/Card/PokerSquareTest.php" line="37" assertions="1" time="0.000207"/>
        <testcase name="testWhichPokerHandTwoPairs" class="App\Card\PokerSquareTest" classname="App.Card.PokerSquareTest" file="/Users/emelieeklund/dbwebb-kurser/mvc/me/report/tests/Card/PokerSquareTest.php" line="48" assertions="1" time="0.000204"/>
        <testcase name="testWhichPokerHandThreeOfAKind" class="App\Card\PokerSquareTest" classname="App.Card.PokerSquareTest" file="/Users/emelieeklund/dbwebb-kurser/mvc/me/report/tests/Card/PokerSquareTest.php" line="59" assertions="1" time="0.000194"/>
        <testcase name="testWhichPokerHandStraight" class="App\Card\PokerSquareTest" classname="App.Card.PokerSquareTest" file="/Users/emelieeklund/dbwebb-kurser/mvc/me/report/tests/Card/PokerSquareTest.php" line="70" assertions="1" time="0.000210"/>
        <testcase name="testWhichPokerHandFlush" class="App\Card\PokerSquareTest" classname="App.Card.PokerSquareTest" file="/Users/emelieeklund/dbwebb-kurser/mvc/me/report/tests/Card/PokerSquareTest.php" line="83" assertions="1" time="0.000196"/>
        <testcase name="testWhichPokerHandFullHouse" class="App\Card\PokerSquareTest" classname="App.Card.PokerSquareTest" file="/Users/emelieeklund/dbwebb-kurser/mvc/me/report/tests/Card/PokerSquareTest.php" line="94" assertions="1" time="0.000192"/>
        <testcase name="testWhichPokerHandFourOfAKind" class="App\Card\PokerSquareTest" classname="App.Card.PokerSquareTest" file="/Users/emelieeklund/dbwebb-kurser/mvc/me/report/tests/Card/PokerSquareTest.php" line="105" assertions="1" time="0.000193"/>
        <testcase name="testWhichPokerHandStraightFlush" class="App\Card\PokerSquareTest" classname="App.Card.PokerSquareTest" file="/Users/emelieeklund/dbwebb-kurser/mvc/me/report/tests/Card/PokerSquareTest.php" line="116" assertions="1" time="0.000216"/>
        <testcase name="testWhichPokerHandRoyalStraightFlush" class="App\Card\PokerSquareTest" classname="App.Card.PokerSquareTest" file="/Users/emelieeklund/dbwebb-kurser/mvc/me/report/tests/Card/PokerSquareTest.php" line="127" assertions="1" time="0.000196"/>
      </testsuite>
    </testsuite>
  </testsuite>
</testsuites>
