<?xml version="1.0" encoding="UTF-8"?>
<testsuites>
  <testsuite name="" tests="39" assertions="63" errors="0" warnings="0" failures="0" skipped="0" time="0.018605">
    <testsuite name="Project Test Suite" tests="39" assertions="63" errors="0" warnings="0" failures="0" skipped="0" time="0.018605">
      <testsuite name="App\Card\BettingTest" file="/Users/emelieeklund/dbwebb-kurser/mvc/me/report/tests/Card/BettingTest.php" tests="2" assertions="2" errors="0" warnings="0" failures="0" skipped="0" time="0.004481">
        <testcase name="testBetWin" class="App\Card\BettingTest" classname="App.Card.BettingTest" file="/Users/emelieeklund/dbwebb-kurser/mvc/me/report/tests/Card/BettingTest.php" line="15" assertions="1" time="0.004292"/>
        <testcase name="testBetLoss" class="App\Card\BettingTest" classname="App.Card.BettingTest" file="/Users/emelieeklund/dbwebb-kurser/mvc/me/report/tests/Card/BettingTest.php" line="28" assertions="1" time="0.000189"/>
      </testsuite>
      <testsuite name="App\Card\CardGraphicTest" file="/Users/emelieeklund/dbwebb-kurser/mvc/me/report/tests/Card/CardGraphicTest.php" tests="2" assertions="21" errors="0" warnings="0" failures="0" skipped="0" time="0.001411">
        <testcase name="testIfNameReturnedAsStr" class="App\Card\CardGraphicTest" classname="App.Card.CardGraphicTest" file="/Users/emelieeklund/dbwebb-kurser/mvc/me/report/tests/Card/CardGraphicTest.php" line="15" assertions="1" time="0.000911"/>
        <testcase name="testIfRankReturnedAsInt" class="App\Card\CardGraphicTest" classname="App.Card.CardGraphicTest" file="/Users/emelieeklund/dbwebb-kurser/mvc/me/report/tests/Card/CardGraphicTest.php" line="25" assertions="20" time="0.000500"/>
      </testsuite>
      <testsuite name="App\Card\CardHandTest" file="/Users/emelieeklund/dbwebb-kurser/mvc/me/report/tests/Card/CardHandTest.php" tests="3" assertions="4" errors="0" warnings="0" failures="0" skipped="0" time="0.000929">
        <testcase name="testNumberOfCards" class="App\Card\CardHandTest" classname="App.Card.CardHandTest" file="/Users/emelieeklund/dbwebb-kurser/mvc/me/report/tests/Card/CardHandTest.php" line="15" assertions="1" time="0.000566"/>
        <testcase name="testGetValuesReturnTypeString" class="App\Card\CardHandTest" classname="App.Card.CardHandTest" file="/Users/emelieeklund/dbwebb-kurser/mvc/me/report/tests/Card/CardHandTest.php" line="32" assertions="1" time="0.000168"/>
        <testcase name="testGetValuesAndGetSumOfGraphicCardHand" class="App\Card\CardHandTest" classname="App.Card.CardHandTest" file="/Users/emelieeklund/dbwebb-kurser/mvc/me/report/tests/Card/CardHandTest.php" line="45" assertions="2" time="0.000196"/>
      </testsuite>
      <testsuite name="App\Card\CardHolderTest" file="/Users/emelieeklund/dbwebb-kurser/mvc/me/report/tests/Card/CardHolderTest.php" tests="2" assertions="2" errors="0" warnings="0" failures="0" skipped="0" time="0.000623">
        <testcase name="testGetHolderID" class="App\Card\CardHolderTest" classname="App.Card.CardHolderTest" file="/Users/emelieeklund/dbwebb-kurser/mvc/me/report/tests/Card/CardHolderTest.php" line="15" assertions="1" time="0.000455"/>
        <testcase name="testGetHolderCard" class="App\Card\CardHolderTest" classname="App.Card.CardHolderTest" file="/Users/emelieeklund/dbwebb-kurser/mvc/me/report/tests/Card/CardHolderTest.php" line="25" assertions="1" time="0.000168"/>
      </testsuite>
      <testsuite name="App\Card\CardTest" file="/Users/emelieeklund/dbwebb-kurser/mvc/me/report/tests/Card/CardTest.php" tests="1" assertions="2" errors="0" warnings="0" failures="0" skipped="0" time="0.001357">
        <testcase name="testCreateCard" class="App\Card\CardTest" classname="App.Card.CardTest" file="/Users/emelieeklund/dbwebb-kurser/mvc/me/report/tests/Card/CardTest.php" line="15" assertions="2" time="0.001357"/>
      </testsuite>
      <testsuite name="App\Card\DeckOfCardsTest" file="/Users/emelieeklund/dbwebb-kurser/mvc/me/report/tests/Card/DeckOfCardsTest.php" tests="6" assertions="7" errors="0" warnings="0" failures="0" skipped="0" time="0.002624">
        <testcase name="testGetDeckSorted" class="App\Card\DeckOfCardsTest" classname="App.Card.DeckOfCardsTest" file="/Users/emelieeklund/dbwebb-kurser/mvc/me/report/tests/Card/DeckOfCardsTest.php" line="15" assertions="2" time="0.000818"/>
        <testcase name="testGetDeckShuffled" class="App\Card\DeckOfCardsTest" classname="App.Card.DeckOfCardsTest" file="/Users/emelieeklund/dbwebb-kurser/mvc/me/report/tests/Card/DeckOfCardsTest.php" line="28" assertions="1" time="0.000375"/>
        <testcase name="testGetGraphicDeck" class="App\Card\DeckOfCardsTest" classname="App.Card.DeckOfCardsTest" file="/Users/emelieeklund/dbwebb-kurser/mvc/me/report/tests/Card/DeckOfCardsTest.php" line="40" assertions="1" time="0.000490"/>
        <testcase name="testDrawReturnString" class="App\Card\DeckOfCardsTest" classname="App.Card.DeckOfCardsTest" file="/Users/emelieeklund/dbwebb-kurser/mvc/me/report/tests/Card/DeckOfCardsTest.php" line="51" assertions="1" time="0.000308"/>
        <testcase name="testDrawGraphicReturnType" class="App\Card\DeckOfCardsTest" classname="App.Card.DeckOfCardsTest" file="/Users/emelieeklund/dbwebb-kurser/mvc/me/report/tests/Card/DeckOfCardsTest.php" line="62" assertions="1" time="0.000302"/>
        <testcase name="testDrawNumberAndGetNrOfCards" class="App\Card\DeckOfCardsTest" classname="App.Card.DeckOfCardsTest" file="/Users/emelieeklund/dbwebb-kurser/mvc/me/report/tests/Card/DeckOfCardsTest.php" line="73" assertions="1" time="0.000331"/>
      </testsuite>
      <testsuite name="App\Card\GameBoardTest" file="/Users/emelieeklund/dbwebb-kurser/mvc/me/report/tests/Card/GameBoardTest.php" tests="8" assertions="10" errors="0" warnings="0" failures="0" skipped="0" time="0.003167">
        <testcase name="testGameBoardGetObjects" class="App\Card\GameBoardTest" classname="App.Card.GameBoardTest" file="/Users/emelieeklund/dbwebb-kurser/mvc/me/report/tests/Card/GameBoardTest.php" line="43" assertions="1" time="0.000803"/>
        <testcase name="testGameBoardGetHolderIds" class="App\Card\GameBoardTest" classname="App.Card.GameBoardTest" file="/Users/emelieeklund/dbwebb-kurser/mvc/me/report/tests/Card/GameBoardTest.php" line="61" assertions="1" time="0.000215"/>
        <testcase name="testGameBoardGetHolderCards" class="App\Card\GameBoardTest" classname="App.Card.GameBoardTest" file="/Users/emelieeklund/dbwebb-kurser/mvc/me/report/tests/Card/GameBoardTest.php" line="73" assertions="1" time="0.000235"/>
        <testcase name="testGameBoardGetIdAndCard" class="App\Card\GameBoardTest" classname="App.Card.GameBoardTest" file="/Users/emelieeklund/dbwebb-kurser/mvc/me/report/tests/Card/GameBoardTest.php" line="91" assertions="1" time="0.000244"/>
        <testcase name="testGameBoardColumns" class="App\Card\GameBoardTest" classname="App.Card.GameBoardTest" file="/Users/emelieeklund/dbwebb-kurser/mvc/me/report/tests/Card/GameBoardTest.php" line="109" assertions="2" time="0.000266"/>
        <testcase name="testGameBoardRows" class="App\Card\GameBoardTest" classname="App.Card.GameBoardTest" file="/Users/emelieeklund/dbwebb-kurser/mvc/me/report/tests/Card/GameBoardTest.php" line="122" assertions="2" time="0.000318"/>
        <testcase name="testGameBoardIfFullTrue" class="App\Card\GameBoardTest" classname="App.Card.GameBoardTest" file="/Users/emelieeklund/dbwebb-kurser/mvc/me/report/tests/Card/GameBoardTest.php" line="141" assertions="1" time="0.000586"/>
        <testcase name="testGameBoardIfFullFalse" class="App\Card\GameBoardTest" classname="App.Card.GameBoardTest" file="/Users/emelieeklund/dbwebb-kurser/mvc/me/report/tests/Card/GameBoardTest.php" line="160" assertions="1" time="0.000500"/>
      </testsuite>
      <testsuite name="App\Card\GameTest" file="/Users/emelieeklund/dbwebb-kurser/mvc/me/report/tests/Card/GameTest.php" tests="2" assertions="2" errors="0" warnings="0" failures="0" skipped="0" time="0.000667">
        <testcase name="testGetScorePlayer" class="App\Card\GameTest" classname="App.Card.GameTest" file="/Users/emelieeklund/dbwebb-kurser/mvc/me/report/tests/Card/GameTest.php" line="15" assertions="1" time="0.000501"/>
        <testcase name="testGetScoreBankEmpty" class="App\Card\GameTest" classname="App.Card.GameTest" file="/Users/emelieeklund/dbwebb-kurser/mvc/me/report/tests/Card/GameTest.php" line="29" assertions="1" time="0.000166"/>
      </testsuite>
      <testsuite name="App\Card\PokerSquareTest" file="/Users/emelieeklund/dbwebb-kurser/mvc/me/report/tests/Card/PokerSquareTest.php" tests="13" assertions="13" errors="0" warnings="0" failures="0" skipped="0" time="0.003347">
        <testcase name="testRankAsNumber" class="App\Card\PokerSquareTest" classname="App.Card.PokerSquareTest" file="/Users/emelieeklund/dbwebb-kurser/mvc/me/report/tests/Card/PokerSquareTest.php" line="15" assertions="1" time="0.000935"/>
        <testcase name="testIfOnePair" class="App\Card\PokerSquareTest" classname="App.Card.PokerSquareTest" file="/Users/emelieeklund/dbwebb-kurser/mvc/me/report/tests/Card/PokerSquareTest.php" line="26" assertions="1" time="0.000306"/>
        <testcase name="testIfTwoPairs" class="App\Card\PokerSquareTest" classname="App.Card.PokerSquareTest" file="/Users/emelieeklund/dbwebb-kurser/mvc/me/report/tests/Card/PokerSquareTest.php" line="37" assertions="1" time="0.000245"/>
        <testcase name="testIfThreeOfAKind" class="App\Card\PokerSquareTest" classname="App.Card.PokerSquareTest" file="/Users/emelieeklund/dbwebb-kurser/mvc/me/report/tests/Card/PokerSquareTest.php" line="48" assertions="1" time="0.000229"/>
        <testcase name="testIfStraight" class="App\Card\PokerSquareTest" classname="App.Card.PokerSquareTest" file="/Users/emelieeklund/dbwebb-kurser/mvc/me/report/tests/Card/PokerSquareTest.php" line="59" assertions="1" time="0.000181"/>
        <testcase name="testIfStraightWithAce" class="App\Card\PokerSquareTest" classname="App.Card.PokerSquareTest" file="/Users/emelieeklund/dbwebb-kurser/mvc/me/report/tests/Card/PokerSquareTest.php" line="70" assertions="1" time="0.000179"/>
        <testcase name="testIfFlush" class="App\Card\PokerSquareTest" classname="App.Card.PokerSquareTest" file="/Users/emelieeklund/dbwebb-kurser/mvc/me/report/tests/Card/PokerSquareTest.php" line="81" assertions="1" time="0.000175"/>
        <testcase name="testIfFullHouse" class="App\Card\PokerSquareTest" classname="App.Card.PokerSquareTest" file="/Users/emelieeklund/dbwebb-kurser/mvc/me/report/tests/Card/PokerSquareTest.php" line="92" assertions="1" time="0.000179"/>
        <testcase name="testIfFourOfAKind" class="App\Card\PokerSquareTest" classname="App.Card.PokerSquareTest" file="/Users/emelieeklund/dbwebb-kurser/mvc/me/report/tests/Card/PokerSquareTest.php" line="103" assertions="1" time="0.000174"/>
        <testcase name="testIfStraightFlush" class="App\Card\PokerSquareTest" classname="App.Card.PokerSquareTest" file="/Users/emelieeklund/dbwebb-kurser/mvc/me/report/tests/Card/PokerSquareTest.php" line="114" assertions="1" time="0.000179"/>
        <testcase name="testIfRoyalStraightFlush" class="App\Card\PokerSquareTest" classname="App.Card.PokerSquareTest" file="/Users/emelieeklund/dbwebb-kurser/mvc/me/report/tests/Card/PokerSquareTest.php" line="125" assertions="1" time="0.000179"/>
        <testcase name="testWhichPokerHandRoyalStraightFlush" class="App\Card\PokerSquareTest" classname="App.Card.PokerSquareTest" file="/Users/emelieeklund/dbwebb-kurser/mvc/me/report/tests/Card/PokerSquareTest.php" line="136" assertions="1" time="0.000179"/>
        <testcase name="testWhichPokerHandStraight" class="App\Card\PokerSquareTest" classname="App.Card.PokerSquareTest" file="/Users/emelieeklund/dbwebb-kurser/mvc/me/report/tests/Card/PokerSquareTest.php" line="147" assertions="1" time="0.000206"/>
      </testsuite>
    </testsuite>
  </testsuite>
</testsuites>
