<?xml version="1.0" encoding="UTF-8"?>
<testsuites>
  <testsuite name="" tests="54" assertions="78" errors="0" warnings="0" failures="0" skipped="0" time="0.024815">
    <testsuite name="Project Test Suite" tests="54" assertions="78" errors="0" warnings="0" failures="0" skipped="0" time="0.024815">
      <testsuite name="App\Card\BettingTest" file="/Users/emelieeklund/dbwebb-kurser/mvc/me/report/tests/Card/BettingTest.php" tests="3" assertions="3" errors="0" warnings="0" failures="0" skipped="0" time="0.005071">
        <testcase name="testBetWin" class="App\Card\BettingTest" classname="App.Card.BettingTest" file="/Users/emelieeklund/dbwebb-kurser/mvc/me/report/tests/Card/BettingTest.php" line="15" assertions="1" time="0.004716"/>
        <testcase name="testBetLoss" class="App\Card\BettingTest" classname="App.Card.BettingTest" file="/Users/emelieeklund/dbwebb-kurser/mvc/me/report/tests/Card/BettingTest.php" line="28" assertions="1" time="0.000194"/>
        <testcase name="testBetLossPointsGuessedOver240" class="App\Card\BettingTest" classname="App.Card.BettingTest" file="/Users/emelieeklund/dbwebb-kurser/mvc/me/report/tests/Card/BettingTest.php" line="41" assertions="1" time="0.000161"/>
      </testsuite>
      <testsuite name="App\Card\CardGraphicTest" file="/Users/emelieeklund/dbwebb-kurser/mvc/me/report/tests/Card/CardGraphicTest.php" tests="2" assertions="21" errors="0" warnings="0" failures="0" skipped="0" time="0.001956">
        <testcase name="testIfNameReturnedAsStr" class="App\Card\CardGraphicTest" classname="App.Card.CardGraphicTest" file="/Users/emelieeklund/dbwebb-kurser/mvc/me/report/tests/Card/CardGraphicTest.php" line="15" assertions="1" time="0.001400"/>
        <testcase name="testIfRankReturnedAsInt" class="App\Card\CardGraphicTest" classname="App.Card.CardGraphicTest" file="/Users/emelieeklund/dbwebb-kurser/mvc/me/report/tests/Card/CardGraphicTest.php" line="25" assertions="20" time="0.000556"/>
      </testsuite>
      <testsuite name="App\Card\CardHandTest" file="/Users/emelieeklund/dbwebb-kurser/mvc/me/report/tests/Card/CardHandTest.php" tests="3" assertions="4" errors="0" warnings="0" failures="0" skipped="0" time="0.001125">
        <testcase name="testNumberOfCards" class="App\Card\CardHandTest" classname="App.Card.CardHandTest" file="/Users/emelieeklund/dbwebb-kurser/mvc/me/report/tests/Card/CardHandTest.php" line="15" assertions="1" time="0.000739"/>
        <testcase name="testGetValuesReturnTypeString" class="App\Card\CardHandTest" classname="App.Card.CardHandTest" file="/Users/emelieeklund/dbwebb-kurser/mvc/me/report/tests/Card/CardHandTest.php" line="32" assertions="1" time="0.000179"/>
        <testcase name="testGetValuesAndGetSumOfGraphicCardHand" class="App\Card\CardHandTest" classname="App.Card.CardHandTest" file="/Users/emelieeklund/dbwebb-kurser/mvc/me/report/tests/Card/CardHandTest.php" line="45" assertions="2" time="0.000207"/>
      </testsuite>
      <testsuite name="App\Card\CardHolderTest" file="/Users/emelieeklund/dbwebb-kurser/mvc/me/report/tests/Card/CardHolderTest.php" tests="2" assertions="2" errors="0" warnings="0" failures="0" skipped="0" time="0.000853">
        <testcase name="testGetHolderID" class="App\Card\CardHolderTest" classname="App.Card.CardHolderTest" file="/Users/emelieeklund/dbwebb-kurser/mvc/me/report/tests/Card/CardHolderTest.php" line="15" assertions="1" time="0.000686"/>
        <testcase name="testGetHolderCard" class="App\Card\CardHolderTest" classname="App.Card.CardHolderTest" file="/Users/emelieeklund/dbwebb-kurser/mvc/me/report/tests/Card/CardHolderTest.php" line="25" assertions="1" time="0.000167"/>
      </testsuite>
      <testsuite name="App\Card\CardTest" file="/Users/emelieeklund/dbwebb-kurser/mvc/me/report/tests/Card/CardTest.php" tests="1" assertions="2" errors="0" warnings="0" failures="0" skipped="0" time="0.001371">
        <testcase name="testCreateCard" class="App\Card\CardTest" classname="App.Card.CardTest" file="/Users/emelieeklund/dbwebb-kurser/mvc/me/report/tests/Card/CardTest.php" line="15" assertions="2" time="0.001371"/>
      </testsuite>
      <testsuite name="App\Card\ClueTest" file="/Users/emelieeklund/dbwebb-kurser/mvc/me/report/tests/Card/ClueTest.php" tests="2" assertions="2" errors="0" warnings="0" failures="0" skipped="0" time="0.002132">
        <testcase name="testGetClue" class="App\Card\ClueTest" classname="App.Card.ClueTest" file="/Users/emelieeklund/dbwebb-kurser/mvc/me/report/tests/Card/ClueTest.php" line="15" assertions="1" time="0.001875"/>
        <testcase name="testGetClueIfNoPoints" class="App\Card\ClueTest" classname="App.Card.ClueTest" file="/Users/emelieeklund/dbwebb-kurser/mvc/me/report/tests/Card/ClueTest.php" line="30" assertions="1" time="0.000257"/>
      </testsuite>
      <testsuite name="App\Card\DeckOfCardsTest" file="/Users/emelieeklund/dbwebb-kurser/mvc/me/report/tests/Card/DeckOfCardsTest.php" tests="6" assertions="7" errors="0" warnings="0" failures="0" skipped="0" time="0.002940">
        <testcase name="testGetDeckSorted" class="App\Card\DeckOfCardsTest" classname="App.Card.DeckOfCardsTest" file="/Users/emelieeklund/dbwebb-kurser/mvc/me/report/tests/Card/DeckOfCardsTest.php" line="15" assertions="2" time="0.001026"/>
        <testcase name="testGetDeckShuffled" class="App\Card\DeckOfCardsTest" classname="App.Card.DeckOfCardsTest" file="/Users/emelieeklund/dbwebb-kurser/mvc/me/report/tests/Card/DeckOfCardsTest.php" line="28" assertions="1" time="0.000398"/>
        <testcase name="testGetGraphicDeck" class="App\Card\DeckOfCardsTest" classname="App.Card.DeckOfCardsTest" file="/Users/emelieeklund/dbwebb-kurser/mvc/me/report/tests/Card/DeckOfCardsTest.php" line="40" assertions="1" time="0.000503"/>
        <testcase name="testDrawReturnString" class="App\Card\DeckOfCardsTest" classname="App.Card.DeckOfCardsTest" file="/Users/emelieeklund/dbwebb-kurser/mvc/me/report/tests/Card/DeckOfCardsTest.php" line="51" assertions="1" time="0.000332"/>
        <testcase name="testDrawGraphicReturnType" class="App\Card\DeckOfCardsTest" classname="App.Card.DeckOfCardsTest" file="/Users/emelieeklund/dbwebb-kurser/mvc/me/report/tests/Card/DeckOfCardsTest.php" line="62" assertions="1" time="0.000321"/>
        <testcase name="testDrawNumberAndGetNrOfCards" class="App\Card\DeckOfCardsTest" classname="App.Card.DeckOfCardsTest" file="/Users/emelieeklund/dbwebb-kurser/mvc/me/report/tests/Card/DeckOfCardsTest.php" line="73" assertions="1" time="0.000360"/>
      </testsuite>
      <testsuite name="App\Card\GameBoardTest" file="/Users/emelieeklund/dbwebb-kurser/mvc/me/report/tests/Card/GameBoardTest.php" tests="10" assertions="12" errors="0" warnings="0" failures="0" skipped="0" time="0.004079">
        <testcase name="testGameBoardGetObjects" class="App\Card\GameBoardTest" classname="App.Card.GameBoardTest" file="/Users/emelieeklund/dbwebb-kurser/mvc/me/report/tests/Card/GameBoardTest.php" line="43" assertions="1" time="0.001002"/>
        <testcase name="testGameBoardGetHolderIds" class="App\Card\GameBoardTest" classname="App.Card.GameBoardTest" file="/Users/emelieeklund/dbwebb-kurser/mvc/me/report/tests/Card/GameBoardTest.php" line="61" assertions="1" time="0.000230"/>
        <testcase name="testGameBoardGetHolderCards" class="App\Card\GameBoardTest" classname="App.Card.GameBoardTest" file="/Users/emelieeklund/dbwebb-kurser/mvc/me/report/tests/Card/GameBoardTest.php" line="73" assertions="1" time="0.000245"/>
        <testcase name="testGameBoardGetIdAndCard" class="App\Card\GameBoardTest" classname="App.Card.GameBoardTest" file="/Users/emelieeklund/dbwebb-kurser/mvc/me/report/tests/Card/GameBoardTest.php" line="91" assertions="1" time="0.000259"/>
        <testcase name="testGameBoardColumns" class="App\Card\GameBoardTest" classname="App.Card.GameBoardTest" file="/Users/emelieeklund/dbwebb-kurser/mvc/me/report/tests/Card/GameBoardTest.php" line="109" assertions="2" time="0.000287"/>
        <testcase name="testGameBoardRows" class="App\Card\GameBoardTest" classname="App.Card.GameBoardTest" file="/Users/emelieeklund/dbwebb-kurser/mvc/me/report/tests/Card/GameBoardTest.php" line="122" assertions="2" time="0.000337"/>
        <testcase name="testGameBoardIfFullTrue" class="App\Card\GameBoardTest" classname="App.Card.GameBoardTest" file="/Users/emelieeklund/dbwebb-kurser/mvc/me/report/tests/Card/GameBoardTest.php" line="141" assertions="1" time="0.000618"/>
        <testcase name="testGameBoardIfFullFalse" class="App\Card\GameBoardTest" classname="App.Card.GameBoardTest" file="/Users/emelieeklund/dbwebb-kurser/mvc/me/report/tests/Card/GameBoardTest.php" line="159" assertions="1" time="0.000495"/>
        <testcase name="testGameBoardIfFourCardsTrue" class="App\Card\GameBoardTest" classname="App.Card.GameBoardTest" file="/Users/emelieeklund/dbwebb-kurser/mvc/me/report/tests/Card/GameBoardTest.php" line="171" assertions="1" time="0.000303"/>
        <testcase name="testGameBoardIfFourCardsFalse" class="App\Card\GameBoardTest" classname="App.Card.GameBoardTest" file="/Users/emelieeklund/dbwebb-kurser/mvc/me/report/tests/Card/GameBoardTest.php" line="193" assertions="1" time="0.000303"/>
      </testsuite>
      <testsuite name="App\Card\GameTest" file="/Users/emelieeklund/dbwebb-kurser/mvc/me/report/tests/Card/GameTest.php" tests="2" assertions="2" errors="0" warnings="0" failures="0" skipped="0" time="0.001090">
        <testcase name="testGetScorePlayer" class="App\Card\GameTest" classname="App.Card.GameTest" file="/Users/emelieeklund/dbwebb-kurser/mvc/me/report/tests/Card/GameTest.php" line="15" assertions="1" time="0.000901"/>
        <testcase name="testGetScoreBankEmpty" class="App\Card\GameTest" classname="App.Card.GameTest" file="/Users/emelieeklund/dbwebb-kurser/mvc/me/report/tests/Card/GameTest.php" line="29" assertions="1" time="0.000189"/>
      </testsuite>
      <testsuite name="App\Card\PokerHandTest" file="/Users/emelieeklund/dbwebb-kurser/mvc/me/report/tests/Card/PokerHandTest.php" tests="12" assertions="12" errors="0" warnings="0" failures="0" skipped="0" time="0.001938">
        <testcase name="testIfOnePair" class="App\Card\PokerHandTest" classname="App.Card.PokerHandTest" file="/Users/emelieeklund/dbwebb-kurser/mvc/me/report/tests/Card/PokerHandTest.php" line="15" assertions="1" time="0.000168"/>
        <testcase name="testIfTwoPairs" class="App\Card\PokerHandTest" classname="App.Card.PokerHandTest" file="/Users/emelieeklund/dbwebb-kurser/mvc/me/report/tests/Card/PokerHandTest.php" line="27" assertions="1" time="0.000164"/>
        <testcase name="testIfTwoPairsFalse" class="App\Card\PokerHandTest" classname="App.Card.PokerHandTest" file="/Users/emelieeklund/dbwebb-kurser/mvc/me/report/tests/Card/PokerHandTest.php" line="39" assertions="1" time="0.000161"/>
        <testcase name="testIfThreeOfAKind" class="App\Card\PokerHandTest" classname="App.Card.PokerHandTest" file="/Users/emelieeklund/dbwebb-kurser/mvc/me/report/tests/Card/PokerHandTest.php" line="52" assertions="1" time="0.000166"/>
        <testcase name="testIfThreeOfAKindFalse" class="App\Card\PokerHandTest" classname="App.Card.PokerHandTest" file="/Users/emelieeklund/dbwebb-kurser/mvc/me/report/tests/Card/PokerHandTest.php" line="64" assertions="1" time="0.000158"/>
        <testcase name="testIfStraight" class="App\Card\PokerHandTest" classname="App.Card.PokerHandTest" file="/Users/emelieeklund/dbwebb-kurser/mvc/me/report/tests/Card/PokerHandTest.php" line="76" assertions="1" time="0.000160"/>
        <testcase name="testIfStraightFalse" class="App\Card\PokerHandTest" classname="App.Card.PokerHandTest" file="/Users/emelieeklund/dbwebb-kurser/mvc/me/report/tests/Card/PokerHandTest.php" line="88" assertions="1" time="0.000161"/>
        <testcase name="testIfFlush" class="App\Card\PokerHandTest" classname="App.Card.PokerHandTest" file="/Users/emelieeklund/dbwebb-kurser/mvc/me/report/tests/Card/PokerHandTest.php" line="100" assertions="1" time="0.000158"/>
        <testcase name="testIfFullHouse" class="App\Card\PokerHandTest" classname="App.Card.PokerHandTest" file="/Users/emelieeklund/dbwebb-kurser/mvc/me/report/tests/Card/PokerHandTest.php" line="112" assertions="1" time="0.000159"/>
        <testcase name="testIfFourOfAKind" class="App\Card\PokerHandTest" classname="App.Card.PokerHandTest" file="/Users/emelieeklund/dbwebb-kurser/mvc/me/report/tests/Card/PokerHandTest.php" line="124" assertions="1" time="0.000158"/>
        <testcase name="testIfStraightFlush" class="App\Card\PokerHandTest" classname="App.Card.PokerHandTest" file="/Users/emelieeklund/dbwebb-kurser/mvc/me/report/tests/Card/PokerHandTest.php" line="136" assertions="1" time="0.000162"/>
        <testcase name="testIfRoyalStraightFlush" class="App\Card\PokerHandTest" classname="App.Card.PokerHandTest" file="/Users/emelieeklund/dbwebb-kurser/mvc/me/report/tests/Card/PokerHandTest.php" line="148" assertions="1" time="0.000163"/>
      </testsuite>
      <testsuite name="App\Card\PokerSquaresTest" file="/Users/emelieeklund/dbwebb-kurser/mvc/me/report/tests/Card/PokerSquaresTest.php" tests="11" assertions="11" errors="0" warnings="0" failures="0" skipped="0" time="0.002259">
        <testcase name="testRankAsNumber" class="App\Card\PokerSquaresTest" classname="App.Card.PokerSquaresTest" file="/Users/emelieeklund/dbwebb-kurser/mvc/me/report/tests/Card/PokerSquaresTest.php" line="15" assertions="1" time="0.000184"/>
        <testcase name="testWhichPokerHandNoPokerHand" class="App\Card\PokerSquaresTest" classname="App.Card.PokerSquaresTest" file="/Users/emelieeklund/dbwebb-kurser/mvc/me/report/tests/Card/PokerSquaresTest.php" line="26" assertions="1" time="0.000221"/>
        <testcase name="testWhichPokerHandOnePair" class="App\Card\PokerSquaresTest" classname="App.Card.PokerSquaresTest" file="/Users/emelieeklund/dbwebb-kurser/mvc/me/report/tests/Card/PokerSquaresTest.php" line="37" assertions="1" time="0.000212"/>
        <testcase name="testWhichPokerHandTwoPairs" class="App\Card\PokerSquaresTest" classname="App.Card.PokerSquaresTest" file="/Users/emelieeklund/dbwebb-kurser/mvc/me/report/tests/Card/PokerSquaresTest.php" line="48" assertions="1" time="0.000212"/>
        <testcase name="testWhichPokerHandThreeOfAKind" class="App\Card\PokerSquaresTest" classname="App.Card.PokerSquaresTest" file="/Users/emelieeklund/dbwebb-kurser/mvc/me/report/tests/Card/PokerSquaresTest.php" line="59" assertions="1" time="0.000206"/>
        <testcase name="testWhichPokerHandStraight" class="App\Card\PokerSquaresTest" classname="App.Card.PokerSquaresTest" file="/Users/emelieeklund/dbwebb-kurser/mvc/me/report/tests/Card/PokerSquaresTest.php" line="70" assertions="1" time="0.000219"/>
        <testcase name="testWhichPokerHandFlush" class="App\Card\PokerSquaresTest" classname="App.Card.PokerSquaresTest" file="/Users/emelieeklund/dbwebb-kurser/mvc/me/report/tests/Card/PokerSquaresTest.php" line="83" assertions="1" time="0.000207"/>
        <testcase name="testWhichPokerHandFullHouse" class="App\Card\PokerSquaresTest" classname="App.Card.PokerSquaresTest" file="/Users/emelieeklund/dbwebb-kurser/mvc/me/report/tests/Card/PokerSquaresTest.php" line="94" assertions="1" time="0.000203"/>
        <testcase name="testWhichPokerHandFourOfAKind" class="App\Card\PokerSquaresTest" classname="App.Card.PokerSquaresTest" file="/Users/emelieeklund/dbwebb-kurser/mvc/me/report/tests/Card/PokerSquaresTest.php" line="105" assertions="1" time="0.000200"/>
        <testcase name="testWhichPokerHandStraightFlush" class="App\Card\PokerSquaresTest" classname="App.Card.PokerSquaresTest" file="/Users/emelieeklund/dbwebb-kurser/mvc/me/report/tests/Card/PokerSquaresTest.php" line="116" assertions="1" time="0.000201"/>
        <testcase name="testWhichPokerHandRoyalStraightFlush" class="App\Card\PokerSquaresTest" classname="App.Card.PokerSquaresTest" file="/Users/emelieeklund/dbwebb-kurser/mvc/me/report/tests/Card/PokerSquaresTest.php" line="127" assertions="1" time="0.000193"/>
      </testsuite>
    </testsuite>
  </testsuite>
</testsuites>
