<?xml version="1.0" encoding="UTF-8"?>
<testsuites>
  <testsuite name="" tests="38" assertions="62" errors="0" warnings="0" failures="0" skipped="0" time="0.018272">
    <testsuite name="Project Test Suite" tests="38" assertions="62" errors="0" warnings="0" failures="0" skipped="0" time="0.018272">
      <testsuite name="App\Card\BettingTest" file="/Users/emelieeklund/dbwebb-kurser/mvc/me/report/tests/Card/BettingTest.php" tests="2" assertions="2" errors="0" warnings="0" failures="0" skipped="0" time="0.004543">
        <testcase name="testBetWin" class="App\Card\BettingTest" classname="App.Card.BettingTest" file="/Users/emelieeklund/dbwebb-kurser/mvc/me/report/tests/Card/BettingTest.php" line="15" assertions="1" time="0.004348"/>
        <testcase name="testBetLoss" class="App\Card\BettingTest" classname="App.Card.BettingTest" file="/Users/emelieeklund/dbwebb-kurser/mvc/me/report/tests/Card/BettingTest.php" line="28" assertions="1" time="0.000195"/>
      </testsuite>
      <testsuite name="App\Card\CardGraphicTest" file="/Users/emelieeklund/dbwebb-kurser/mvc/me/report/tests/Card/CardGraphicTest.php" tests="2" assertions="21" errors="0" warnings="0" failures="0" skipped="0" time="0.001439">
        <testcase name="testIfNameReturnedAsStr" class="App\Card\CardGraphicTest" classname="App.Card.CardGraphicTest" file="/Users/emelieeklund/dbwebb-kurser/mvc/me/report/tests/Card/CardGraphicTest.php" line="15" assertions="1" time="0.000925"/>
        <testcase name="testIfRankReturnedAsInt" class="App\Card\CardGraphicTest" classname="App.Card.CardGraphicTest" file="/Users/emelieeklund/dbwebb-kurser/mvc/me/report/tests/Card/CardGraphicTest.php" line="25" assertions="20" time="0.000513"/>
      </testsuite>
      <testsuite name="App\Card\CardHandTest" file="/Users/emelieeklund/dbwebb-kurser/mvc/me/report/tests/Card/CardHandTest.php" tests="3" assertions="4" errors="0" warnings="0" failures="0" skipped="0" time="0.000939">
        <testcase name="testNumberOfCards" class="App\Card\CardHandTest" classname="App.Card.CardHandTest" file="/Users/emelieeklund/dbwebb-kurser/mvc/me/report/tests/Card/CardHandTest.php" line="15" assertions="1" time="0.000574"/>
        <testcase name="testGetValuesReturnTypeString" class="App\Card\CardHandTest" classname="App.Card.CardHandTest" file="/Users/emelieeklund/dbwebb-kurser/mvc/me/report/tests/Card/CardHandTest.php" line="32" assertions="1" time="0.000168"/>
        <testcase name="testGetValuesAndGetSumOfGraphicCardHand" class="App\Card\CardHandTest" classname="App.Card.CardHandTest" file="/Users/emelieeklund/dbwebb-kurser/mvc/me/report/tests/Card/CardHandTest.php" line="45" assertions="2" time="0.000196"/>
      </testsuite>
      <testsuite name="App\Card\CardHolderTest" file="/Users/emelieeklund/dbwebb-kurser/mvc/me/report/tests/Card/CardHolderTest.php" tests="2" assertions="2" errors="0" warnings="0" failures="0" skipped="0" time="0.000625">
        <testcase name="testGetHolderID" class="App\Card\CardHolderTest" classname="App.Card.CardHolderTest" file="/Users/emelieeklund/dbwebb-kurser/mvc/me/report/tests/Card/CardHolderTest.php" line="15" assertions="1" time="0.000463"/>
        <testcase name="testGetHolderCard" class="App\Card\CardHolderTest" classname="App.Card.CardHolderTest" file="/Users/emelieeklund/dbwebb-kurser/mvc/me/report/tests/Card/CardHolderTest.php" line="25" assertions="1" time="0.000163"/>
      </testsuite>
      <testsuite name="App\Card\CardTest" file="/Users/emelieeklund/dbwebb-kurser/mvc/me/report/tests/Card/CardTest.php" tests="1" assertions="2" errors="0" warnings="0" failures="0" skipped="0" time="0.001351">
        <testcase name="testCreateCard" class="App\Card\CardTest" classname="App.Card.CardTest" file="/Users/emelieeklund/dbwebb-kurser/mvc/me/report/tests/Card/CardTest.php" line="15" assertions="2" time="0.001351"/>
      </testsuite>
      <testsuite name="App\Card\DeckOfCardsTest" file="/Users/emelieeklund/dbwebb-kurser/mvc/me/report/tests/Card/DeckOfCardsTest.php" tests="6" assertions="7" errors="0" warnings="0" failures="0" skipped="0" time="0.002623">
        <testcase name="testGetDeckSorted" class="App\Card\DeckOfCardsTest" classname="App.Card.DeckOfCardsTest" file="/Users/emelieeklund/dbwebb-kurser/mvc/me/report/tests/Card/DeckOfCardsTest.php" line="15" assertions="2" time="0.000824"/>
        <testcase name="testGetDeckShuffled" class="App\Card\DeckOfCardsTest" classname="App.Card.DeckOfCardsTest" file="/Users/emelieeklund/dbwebb-kurser/mvc/me/report/tests/Card/DeckOfCardsTest.php" line="28" assertions="1" time="0.000374"/>
        <testcase name="testGetGraphicDeck" class="App\Card\DeckOfCardsTest" classname="App.Card.DeckOfCardsTest" file="/Users/emelieeklund/dbwebb-kurser/mvc/me/report/tests/Card/DeckOfCardsTest.php" line="40" assertions="1" time="0.000482"/>
        <testcase name="testDrawReturnString" class="App\Card\DeckOfCardsTest" classname="App.Card.DeckOfCardsTest" file="/Users/emelieeklund/dbwebb-kurser/mvc/me/report/tests/Card/DeckOfCardsTest.php" line="51" assertions="1" time="0.000307"/>
        <testcase name="testDrawGraphicReturnType" class="App\Card\DeckOfCardsTest" classname="App.Card.DeckOfCardsTest" file="/Users/emelieeklund/dbwebb-kurser/mvc/me/report/tests/Card/DeckOfCardsTest.php" line="62" assertions="1" time="0.000301"/>
        <testcase name="testDrawNumberAndGetNrOfCards" class="App\Card\DeckOfCardsTest" classname="App.Card.DeckOfCardsTest" file="/Users/emelieeklund/dbwebb-kurser/mvc/me/report/tests/Card/DeckOfCardsTest.php" line="73" assertions="1" time="0.000334"/>
      </testsuite>
      <testsuite name="App\Card\GameBoardTest" file="/Users/emelieeklund/dbwebb-kurser/mvc/me/report/tests/Card/GameBoardTest.php" tests="8" assertions="10" errors="0" warnings="0" failures="0" skipped="0" time="0.003123">
        <testcase name="testGameBoardGetObjects" class="App\Card\GameBoardTest" classname="App.Card.GameBoardTest" file="/Users/emelieeklund/dbwebb-kurser/mvc/me/report/tests/Card/GameBoardTest.php" line="43" assertions="1" time="0.000721"/>
        <testcase name="testGameBoardGetHolderIds" class="App\Card\GameBoardTest" classname="App.Card.GameBoardTest" file="/Users/emelieeklund/dbwebb-kurser/mvc/me/report/tests/Card/GameBoardTest.php" line="61" assertions="1" time="0.000235"/>
        <testcase name="testGameBoardGetHolderCards" class="App\Card\GameBoardTest" classname="App.Card.GameBoardTest" file="/Users/emelieeklund/dbwebb-kurser/mvc/me/report/tests/Card/GameBoardTest.php" line="73" assertions="1" time="0.000233"/>
        <testcase name="testGameBoardGetIdAndCard" class="App\Card\GameBoardTest" classname="App.Card.GameBoardTest" file="/Users/emelieeklund/dbwebb-kurser/mvc/me/report/tests/Card/GameBoardTest.php" line="91" assertions="1" time="0.000246"/>
        <testcase name="testGameBoardColumns" class="App\Card\GameBoardTest" classname="App.Card.GameBoardTest" file="/Users/emelieeklund/dbwebb-kurser/mvc/me/report/tests/Card/GameBoardTest.php" line="109" assertions="2" time="0.000270"/>
        <testcase name="testGameBoardRows" class="App\Card\GameBoardTest" classname="App.Card.GameBoardTest" file="/Users/emelieeklund/dbwebb-kurser/mvc/me/report/tests/Card/GameBoardTest.php" line="122" assertions="2" time="0.000322"/>
        <testcase name="testGameBoardIfFullTrue" class="App\Card\GameBoardTest" classname="App.Card.GameBoardTest" file="/Users/emelieeklund/dbwebb-kurser/mvc/me/report/tests/Card/GameBoardTest.php" line="141" assertions="1" time="0.000598"/>
        <testcase name="testGameBoardIfFullFalse" class="App\Card\GameBoardTest" classname="App.Card.GameBoardTest" file="/Users/emelieeklund/dbwebb-kurser/mvc/me/report/tests/Card/GameBoardTest.php" line="160" assertions="1" time="0.000499"/>
      </testsuite>
      <testsuite name="App\Card\GameTest" file="/Users/emelieeklund/dbwebb-kurser/mvc/me/report/tests/Card/GameTest.php" tests="2" assertions="2" errors="0" warnings="0" failures="0" skipped="0" time="0.000681">
        <testcase name="testGetScorePlayer" class="App\Card\GameTest" classname="App.Card.GameTest" file="/Users/emelieeklund/dbwebb-kurser/mvc/me/report/tests/Card/GameTest.php" line="15" assertions="1" time="0.000515"/>
        <testcase name="testGetScoreBankEmpty" class="App\Card\GameTest" classname="App.Card.GameTest" file="/Users/emelieeklund/dbwebb-kurser/mvc/me/report/tests/Card/GameTest.php" line="29" assertions="1" time="0.000166"/>
      </testsuite>
      <testsuite name="App\Card\PokerHandTest" file="/Users/emelieeklund/dbwebb-kurser/mvc/me/report/tests/Card/PokerHandTest.php" tests="9" assertions="9" errors="0" warnings="0" failures="0" skipped="0" time="0.001968">
        <testcase name="testIfOnePair" class="App\Card\PokerHandTest" classname="App.Card.PokerHandTest" file="/Users/emelieeklund/dbwebb-kurser/mvc/me/report/tests/Card/PokerHandTest.php" line="15" assertions="1" time="0.000717"/>
        <testcase name="testIfTwoPairs" class="App\Card\PokerHandTest" classname="App.Card.PokerHandTest" file="/Users/emelieeklund/dbwebb-kurser/mvc/me/report/tests/Card/PokerHandTest.php" line="28" assertions="1" time="0.000165"/>
        <testcase name="testIfThreeOfAKind" class="App\Card\PokerHandTest" classname="App.Card.PokerHandTest" file="/Users/emelieeklund/dbwebb-kurser/mvc/me/report/tests/Card/PokerHandTest.php" line="40" assertions="1" time="0.000157"/>
        <testcase name="testIfStraight" class="App\Card\PokerHandTest" classname="App.Card.PokerHandTest" file="/Users/emelieeklund/dbwebb-kurser/mvc/me/report/tests/Card/PokerHandTest.php" line="52" assertions="1" time="0.000156"/>
        <testcase name="testIfFlush" class="App\Card\PokerHandTest" classname="App.Card.PokerHandTest" file="/Users/emelieeklund/dbwebb-kurser/mvc/me/report/tests/Card/PokerHandTest.php" line="64" assertions="1" time="0.000152"/>
        <testcase name="testIfFullHouse" class="App\Card\PokerHandTest" classname="App.Card.PokerHandTest" file="/Users/emelieeklund/dbwebb-kurser/mvc/me/report/tests/Card/PokerHandTest.php" line="76" assertions="1" time="0.000155"/>
        <testcase name="testIfFourOfAKind" class="App\Card\PokerHandTest" classname="App.Card.PokerHandTest" file="/Users/emelieeklund/dbwebb-kurser/mvc/me/report/tests/Card/PokerHandTest.php" line="88" assertions="1" time="0.000149"/>
        <testcase name="testIfStraightFlush" class="App\Card\PokerHandTest" classname="App.Card.PokerHandTest" file="/Users/emelieeklund/dbwebb-kurser/mvc/me/report/tests/Card/PokerHandTest.php" line="100" assertions="1" time="0.000161"/>
        <testcase name="testIfRoyalStraightFlush" class="App\Card\PokerHandTest" classname="App.Card.PokerHandTest" file="/Users/emelieeklund/dbwebb-kurser/mvc/me/report/tests/Card/PokerHandTest.php" line="112" assertions="1" time="0.000157"/>
      </testsuite>
      <testsuite name="App\Card\PokerSquareTest" file="/Users/emelieeklund/dbwebb-kurser/mvc/me/report/tests/Card/PokerSquareTest.php" tests="3" assertions="3" errors="0" warnings="0" failures="0" skipped="0" time="0.000980">
        <testcase name="testRankAsNumber" class="App\Card\PokerSquareTest" classname="App.Card.PokerSquareTest" file="/Users/emelieeklund/dbwebb-kurser/mvc/me/report/tests/Card/PokerSquareTest.php" line="15" assertions="1" time="0.000564"/>
        <testcase name="testWhichPokerHandRoyalStraightFlush" class="App\Card\PokerSquareTest" classname="App.Card.PokerSquareTest" file="/Users/emelieeklund/dbwebb-kurser/mvc/me/report/tests/Card/PokerSquareTest.php" line="26" assertions="1" time="0.000198"/>
        <testcase name="testWhichPokerHandStraight" class="App\Card\PokerSquareTest" classname="App.Card.PokerSquareTest" file="/Users/emelieeklund/dbwebb-kurser/mvc/me/report/tests/Card/PokerSquareTest.php" line="37" assertions="1" time="0.000218"/>
      </testsuite>
    </testsuite>
  </testsuite>
</testsuites>
