<?xml version="1.0" encoding="UTF-8"?>
<testsuites>
  <testsuite name="" tests="14" assertions="36" errors="0" warnings="0" failures="0" skipped="0" time="0.011804">
    <testsuite name="Project Test Suite" tests="14" assertions="36" errors="0" warnings="0" failures="0" skipped="0" time="0.011804">
      <testsuite name="App\Card\CardGraphicTest" file="/Users/emelieeklund/dbwebb-kurser/mvc/me/report/tests/Card/CardGraphicTest.php" tests="2" assertions="21" errors="0" warnings="0" failures="0" skipped="0" time="0.005301">
        <testcase name="testIfNameReturnedAsStr" class="App\Card\CardGraphicTest" classname="App.Card.CardGraphicTest" file="/Users/emelieeklund/dbwebb-kurser/mvc/me/report/tests/Card/CardGraphicTest.php" line="15" assertions="1" time="0.004772"/>
        <testcase name="testIfRankReturnedAsInt" class="App\Card\CardGraphicTest" classname="App.Card.CardGraphicTest" file="/Users/emelieeklund/dbwebb-kurser/mvc/me/report/tests/Card/CardGraphicTest.php" line="25" assertions="20" time="0.000529"/>
      </testsuite>
      <testsuite name="App\Card\CardHandTest" file="/Users/emelieeklund/dbwebb-kurser/mvc/me/report/tests/Card/CardHandTest.php" tests="3" assertions="4" errors="0" warnings="0" failures="0" skipped="0" time="0.001442">
        <testcase name="testNumberOfCards" class="App\Card\CardHandTest" classname="App.Card.CardHandTest" file="/Users/emelieeklund/dbwebb-kurser/mvc/me/report/tests/Card/CardHandTest.php" line="15" assertions="1" time="0.001049"/>
        <testcase name="testGetValuesReturnTypeString" class="App\Card\CardHandTest" classname="App.Card.CardHandTest" file="/Users/emelieeklund/dbwebb-kurser/mvc/me/report/tests/Card/CardHandTest.php" line="32" assertions="1" time="0.000183"/>
        <testcase name="testGetValuesAndGetSumOfGraphicCardHand" class="App\Card\CardHandTest" classname="App.Card.CardHandTest" file="/Users/emelieeklund/dbwebb-kurser/mvc/me/report/tests/Card/CardHandTest.php" line="45" assertions="2" time="0.000210"/>
      </testsuite>
      <testsuite name="App\Card\CardTest" file="/Users/emelieeklund/dbwebb-kurser/mvc/me/report/tests/Card/CardTest.php" tests="1" assertions="2" errors="0" warnings="0" failures="0" skipped="0" time="0.001338">
        <testcase name="testCreateCard" class="App\Card\CardTest" classname="App.Card.CardTest" file="/Users/emelieeklund/dbwebb-kurser/mvc/me/report/tests/Card/CardTest.php" line="15" assertions="2" time="0.001338"/>
      </testsuite>
      <testsuite name="App\Card\DeckOfCardsTest" file="/Users/emelieeklund/dbwebb-kurser/mvc/me/report/tests/Card/DeckOfCardsTest.php" tests="6" assertions="7" errors="0" warnings="0" failures="0" skipped="0" time="0.002896">
        <testcase name="testGetDeckSorted" class="App\Card\DeckOfCardsTest" classname="App.Card.DeckOfCardsTest" file="/Users/emelieeklund/dbwebb-kurser/mvc/me/report/tests/Card/DeckOfCardsTest.php" line="15" assertions="2" time="0.000981"/>
        <testcase name="testGetDeckShuffled" class="App\Card\DeckOfCardsTest" classname="App.Card.DeckOfCardsTest" file="/Users/emelieeklund/dbwebb-kurser/mvc/me/report/tests/Card/DeckOfCardsTest.php" line="28" assertions="1" time="0.000396"/>
        <testcase name="testGetGraphicDeck" class="App\Card\DeckOfCardsTest" classname="App.Card.DeckOfCardsTest" file="/Users/emelieeklund/dbwebb-kurser/mvc/me/report/tests/Card/DeckOfCardsTest.php" line="40" assertions="1" time="0.000510"/>
        <testcase name="testDrawReturnString" class="App\Card\DeckOfCardsTest" classname="App.Card.DeckOfCardsTest" file="/Users/emelieeklund/dbwebb-kurser/mvc/me/report/tests/Card/DeckOfCardsTest.php" line="51" assertions="1" time="0.000326"/>
        <testcase name="testDrawGraphicReturnType" class="App\Card\DeckOfCardsTest" classname="App.Card.DeckOfCardsTest" file="/Users/emelieeklund/dbwebb-kurser/mvc/me/report/tests/Card/DeckOfCardsTest.php" line="62" assertions="1" time="0.000327"/>
        <testcase name="testDrawNumberAndGetNrOfCards" class="App\Card\DeckOfCardsTest" classname="App.Card.DeckOfCardsTest" file="/Users/emelieeklund/dbwebb-kurser/mvc/me/report/tests/Card/DeckOfCardsTest.php" line="73" assertions="1" time="0.000355"/>
      </testsuite>
      <testsuite name="App\Card\GameTest" file="/Users/emelieeklund/dbwebb-kurser/mvc/me/report/tests/Card/GameTest.php" tests="2" assertions="2" errors="0" warnings="0" failures="0" skipped="0" time="0.000827">
        <testcase name="testGetScorePlayer" class="App\Card\GameTest" classname="App.Card.GameTest" file="/Users/emelieeklund/dbwebb-kurser/mvc/me/report/tests/Card/GameTest.php" line="15" assertions="1" time="0.000661"/>
        <testcase name="testGetScoreBankEmpty" class="App\Card\GameTest" classname="App.Card.GameTest" file="/Users/emelieeklund/dbwebb-kurser/mvc/me/report/tests/Card/GameTest.php" line="27" assertions="1" time="0.000166"/>
      </testsuite>
    </testsuite>
  </testsuite>
</testsuites>
