<?xml version="1.0" encoding="UTF-8"?>
<testsuites>
  <testsuite name="" tests="54" assertions="78" errors="0" warnings="0" failures="0" skipped="0" time="0.023878">
    <testsuite name="Project Test Suite" tests="54" assertions="78" errors="0" warnings="0" failures="0" skipped="0" time="0.023878">
      <testsuite name="App\Card\BettingTest" file="/Users/emelieeklund/dbwebb-kurser/mvc/me/report/tests/Card/BettingTest.php" tests="3" assertions="3" errors="0" warnings="0" failures="0" skipped="0" time="0.005088">
        <testcase name="testBetWin" class="App\Card\BettingTest" classname="App.Card.BettingTest" file="/Users/emelieeklund/dbwebb-kurser/mvc/me/report/tests/Card/BettingTest.php" line="15" assertions="1" time="0.004726"/>
        <testcase name="testBetLoss" class="App\Card\BettingTest" classname="App.Card.BettingTest" file="/Users/emelieeklund/dbwebb-kurser/mvc/me/report/tests/Card/BettingTest.php" line="28" assertions="1" time="0.000193"/>
        <testcase name="testBetLossPointsGuessedOver240" class="App\Card\BettingTest" classname="App.Card.BettingTest" file="/Users/emelieeklund/dbwebb-kurser/mvc/me/report/tests/Card/BettingTest.php" line="41" assertions="1" time="0.000168"/>
      </testsuite>
      <testsuite name="App\Card\CardGraphicTest" file="/Users/emelieeklund/dbwebb-kurser/mvc/me/report/tests/Card/CardGraphicTest.php" tests="2" assertions="21" errors="0" warnings="0" failures="0" skipped="0" time="0.001743">
        <testcase name="testIfNameReturnedAsStr" class="App\Card\CardGraphicTest" classname="App.Card.CardGraphicTest" file="/Users/emelieeklund/dbwebb-kurser/mvc/me/report/tests/Card/CardGraphicTest.php" line="15" assertions="1" time="0.001211"/>
        <testcase name="testIfRankReturnedAsInt" class="App\Card\CardGraphicTest" classname="App.Card.CardGraphicTest" file="/Users/emelieeklund/dbwebb-kurser/mvc/me/report/tests/Card/CardGraphicTest.php" line="25" assertions="20" time="0.000532"/>
      </testsuite>
      <testsuite name="App\Card\CardHandTest" file="/Users/emelieeklund/dbwebb-kurser/mvc/me/report/tests/Card/CardHandTest.php" tests="3" assertions="4" errors="0" warnings="0" failures="0" skipped="0" time="0.001131">
        <testcase name="testNumberOfCards" class="App\Card\CardHandTest" classname="App.Card.CardHandTest" file="/Users/emelieeklund/dbwebb-kurser/mvc/me/report/tests/Card/CardHandTest.php" line="15" assertions="1" time="0.000734"/>
        <testcase name="testGetValuesReturnTypeString" class="App\Card\CardHandTest" classname="App.Card.CardHandTest" file="/Users/emelieeklund/dbwebb-kurser/mvc/me/report/tests/Card/CardHandTest.php" line="32" assertions="1" time="0.000182"/>
        <testcase name="testGetValuesAndGetSumOfGraphicCardHand" class="App\Card\CardHandTest" classname="App.Card.CardHandTest" file="/Users/emelieeklund/dbwebb-kurser/mvc/me/report/tests/Card/CardHandTest.php" line="45" assertions="2" time="0.000216"/>
      </testsuite>
      <testsuite name="App\Card\CardHolderTest" file="/Users/emelieeklund/dbwebb-kurser/mvc/me/report/tests/Card/CardHolderTest.php" tests="2" assertions="2" errors="0" warnings="0" failures="0" skipped="0" time="0.000793">
        <testcase name="testGetHolderID" class="App\Card\CardHolderTest" classname="App.Card.CardHolderTest" file="/Users/emelieeklund/dbwebb-kurser/mvc/me/report/tests/Card/CardHolderTest.php" line="15" assertions="1" time="0.000624"/>
        <testcase name="testGetHolderCard" class="App\Card\CardHolderTest" classname="App.Card.CardHolderTest" file="/Users/emelieeklund/dbwebb-kurser/mvc/me/report/tests/Card/CardHolderTest.php" line="25" assertions="1" time="0.000169"/>
      </testsuite>
      <testsuite name="App\Card\CardTest" file="/Users/emelieeklund/dbwebb-kurser/mvc/me/report/tests/Card/CardTest.php" tests="1" assertions="2" errors="0" warnings="0" failures="0" skipped="0" time="0.001358">
        <testcase name="testCreateCard" class="App\Card\CardTest" classname="App.Card.CardTest" file="/Users/emelieeklund/dbwebb-kurser/mvc/me/report/tests/Card/CardTest.php" line="15" assertions="2" time="0.001358"/>
      </testsuite>
      <testsuite name="App\Card\ClueTest" file="/Users/emelieeklund/dbwebb-kurser/mvc/me/report/tests/Card/ClueTest.php" tests="2" assertions="2" errors="0" warnings="0" failures="0" skipped="0" time="0.001741">
        <testcase name="testGetClue" class="App\Card\ClueTest" classname="App.Card.ClueTest" file="/Users/emelieeklund/dbwebb-kurser/mvc/me/report/tests/Card/ClueTest.php" line="15" assertions="1" time="0.001488"/>
        <testcase name="testGetClueIfNoPoints" class="App\Card\ClueTest" classname="App.Card.ClueTest" file="/Users/emelieeklund/dbwebb-kurser/mvc/me/report/tests/Card/ClueTest.php" line="30" assertions="1" time="0.000253"/>
      </testsuite>
      <testsuite name="App\Card\DeckOfCardsTest" file="/Users/emelieeklund/dbwebb-kurser/mvc/me/report/tests/Card/DeckOfCardsTest.php" tests="6" assertions="7" errors="0" warnings="0" failures="0" skipped="0" time="0.002896">
        <testcase name="testGetDeckSorted" class="App\Card\DeckOfCardsTest" classname="App.Card.DeckOfCardsTest" file="/Users/emelieeklund/dbwebb-kurser/mvc/me/report/tests/Card/DeckOfCardsTest.php" line="15" assertions="2" time="0.001007"/>
        <testcase name="testGetDeckShuffled" class="App\Card\DeckOfCardsTest" classname="App.Card.DeckOfCardsTest" file="/Users/emelieeklund/dbwebb-kurser/mvc/me/report/tests/Card/DeckOfCardsTest.php" line="28" assertions="1" time="0.000396"/>
        <testcase name="testGetGraphicDeck" class="App\Card\DeckOfCardsTest" classname="App.Card.DeckOfCardsTest" file="/Users/emelieeklund/dbwebb-kurser/mvc/me/report/tests/Card/DeckOfCardsTest.php" line="40" assertions="1" time="0.000506"/>
        <testcase name="testDrawReturnString" class="App\Card\DeckOfCardsTest" classname="App.Card.DeckOfCardsTest" file="/Users/emelieeklund/dbwebb-kurser/mvc/me/report/tests/Card/DeckOfCardsTest.php" line="51" assertions="1" time="0.000324"/>
        <testcase name="testDrawGraphicReturnType" class="App\Card\DeckOfCardsTest" classname="App.Card.DeckOfCardsTest" file="/Users/emelieeklund/dbwebb-kurser/mvc/me/report/tests/Card/DeckOfCardsTest.php" line="62" assertions="1" time="0.000317"/>
        <testcase name="testDrawNumberAndGetNrOfCards" class="App\Card\DeckOfCardsTest" classname="App.Card.DeckOfCardsTest" file="/Users/emelieeklund/dbwebb-kurser/mvc/me/report/tests/Card/DeckOfCardsTest.php" line="73" assertions="1" time="0.000345"/>
      </testsuite>
      <testsuite name="App\Card\GameBoardTest" file="/Users/emelieeklund/dbwebb-kurser/mvc/me/report/tests/Card/GameBoardTest.php" tests="10" assertions="12" errors="0" warnings="0" failures="0" skipped="0" time="0.004105">
        <testcase name="testGameBoardGetObjects" class="App\Card\GameBoardTest" classname="App.Card.GameBoardTest" file="/Users/emelieeklund/dbwebb-kurser/mvc/me/report/tests/Card/GameBoardTest.php" line="43" assertions="1" time="0.000999"/>
        <testcase name="testGameBoardGetHolderIds" class="App\Card\GameBoardTest" classname="App.Card.GameBoardTest" file="/Users/emelieeklund/dbwebb-kurser/mvc/me/report/tests/Card/GameBoardTest.php" line="61" assertions="1" time="0.000226"/>
        <testcase name="testGameBoardGetHolderCards" class="App\Card\GameBoardTest" classname="App.Card.GameBoardTest" file="/Users/emelieeklund/dbwebb-kurser/mvc/me/report/tests/Card/GameBoardTest.php" line="73" assertions="1" time="0.000242"/>
        <testcase name="testGameBoardGetIdAndCard" class="App\Card\GameBoardTest" classname="App.Card.GameBoardTest" file="/Users/emelieeklund/dbwebb-kurser/mvc/me/report/tests/Card/GameBoardTest.php" line="91" assertions="1" time="0.000257"/>
        <testcase name="testGameBoardColumns" class="App\Card\GameBoardTest" classname="App.Card.GameBoardTest" file="/Users/emelieeklund/dbwebb-kurser/mvc/me/report/tests/Card/GameBoardTest.php" line="109" assertions="2" time="0.000284"/>
        <testcase name="testGameBoardRows" class="App\Card\GameBoardTest" classname="App.Card.GameBoardTest" file="/Users/emelieeklund/dbwebb-kurser/mvc/me/report/tests/Card/GameBoardTest.php" line="122" assertions="2" time="0.000335"/>
        <testcase name="testGameBoardIfFullTrue" class="App\Card\GameBoardTest" classname="App.Card.GameBoardTest" file="/Users/emelieeklund/dbwebb-kurser/mvc/me/report/tests/Card/GameBoardTest.php" line="141" assertions="1" time="0.000608"/>
        <testcase name="testGameBoardIfFullFalse" class="App\Card\GameBoardTest" classname="App.Card.GameBoardTest" file="/Users/emelieeklund/dbwebb-kurser/mvc/me/report/tests/Card/GameBoardTest.php" line="159" assertions="1" time="0.000510"/>
        <testcase name="testGameBoardIfFourCardsTrue" class="App\Card\GameBoardTest" classname="App.Card.GameBoardTest" file="/Users/emelieeklund/dbwebb-kurser/mvc/me/report/tests/Card/GameBoardTest.php" line="171" assertions="1" time="0.000322"/>
        <testcase name="testGameBoardIfFourCardsFalse" class="App\Card\GameBoardTest" classname="App.Card.GameBoardTest" file="/Users/emelieeklund/dbwebb-kurser/mvc/me/report/tests/Card/GameBoardTest.php" line="193" assertions="1" time="0.000323"/>
      </testsuite>
      <testsuite name="App\Card\GameTest" file="/Users/emelieeklund/dbwebb-kurser/mvc/me/report/tests/Card/GameTest.php" tests="2" assertions="2" errors="0" warnings="0" failures="0" skipped="0" time="0.000900">
        <testcase name="testGetScorePlayer" class="App\Card\GameTest" classname="App.Card.GameTest" file="/Users/emelieeklund/dbwebb-kurser/mvc/me/report/tests/Card/GameTest.php" line="15" assertions="1" time="0.000708"/>
        <testcase name="testGetScoreBankEmpty" class="App\Card\GameTest" classname="App.Card.GameTest" file="/Users/emelieeklund/dbwebb-kurser/mvc/me/report/tests/Card/GameTest.php" line="29" assertions="1" time="0.000191"/>
      </testsuite>
      <testsuite name="App\Card\PokerHandTest" file="/Users/emelieeklund/dbwebb-kurser/mvc/me/report/tests/Card/PokerHandTest.php" tests="12" assertions="12" errors="0" warnings="0" failures="0" skipped="0" time="0.001959">
        <testcase name="testIfOnePair" class="App\Card\PokerHandTest" classname="App.Card.PokerHandTest" file="/Users/emelieeklund/dbwebb-kurser/mvc/me/report/tests/Card/PokerHandTest.php" line="15" assertions="1" time="0.000168"/>
        <testcase name="testIfTwoPairs" class="App\Card\PokerHandTest" classname="App.Card.PokerHandTest" file="/Users/emelieeklund/dbwebb-kurser/mvc/me/report/tests/Card/PokerHandTest.php" line="27" assertions="1" time="0.000167"/>
        <testcase name="testIfTwoPairsFalse" class="App\Card\PokerHandTest" classname="App.Card.PokerHandTest" file="/Users/emelieeklund/dbwebb-kurser/mvc/me/report/tests/Card/PokerHandTest.php" line="39" assertions="1" time="0.000161"/>
        <testcase name="testIfThreeOfAKind" class="App\Card\PokerHandTest" classname="App.Card.PokerHandTest" file="/Users/emelieeklund/dbwebb-kurser/mvc/me/report/tests/Card/PokerHandTest.php" line="52" assertions="1" time="0.000161"/>
        <testcase name="testIfThreeOfAKindFalse" class="App\Card\PokerHandTest" classname="App.Card.PokerHandTest" file="/Users/emelieeklund/dbwebb-kurser/mvc/me/report/tests/Card/PokerHandTest.php" line="64" assertions="1" time="0.000161"/>
        <testcase name="testIfStraight" class="App\Card\PokerHandTest" classname="App.Card.PokerHandTest" file="/Users/emelieeklund/dbwebb-kurser/mvc/me/report/tests/Card/PokerHandTest.php" line="76" assertions="1" time="0.000163"/>
        <testcase name="testIfStraightFalse" class="App\Card\PokerHandTest" classname="App.Card.PokerHandTest" file="/Users/emelieeklund/dbwebb-kurser/mvc/me/report/tests/Card/PokerHandTest.php" line="88" assertions="1" time="0.000161"/>
        <testcase name="testIfFlush" class="App\Card\PokerHandTest" classname="App.Card.PokerHandTest" file="/Users/emelieeklund/dbwebb-kurser/mvc/me/report/tests/Card/PokerHandTest.php" line="100" assertions="1" time="0.000161"/>
        <testcase name="testIfFullHouse" class="App\Card\PokerHandTest" classname="App.Card.PokerHandTest" file="/Users/emelieeklund/dbwebb-kurser/mvc/me/report/tests/Card/PokerHandTest.php" line="112" assertions="1" time="0.000165"/>
        <testcase name="testIfFourOfAKind" class="App\Card\PokerHandTest" classname="App.Card.PokerHandTest" file="/Users/emelieeklund/dbwebb-kurser/mvc/me/report/tests/Card/PokerHandTest.php" line="124" assertions="1" time="0.000160"/>
        <testcase name="testIfStraightFlush" class="App\Card\PokerHandTest" classname="App.Card.PokerHandTest" file="/Users/emelieeklund/dbwebb-kurser/mvc/me/report/tests/Card/PokerHandTest.php" line="136" assertions="1" time="0.000164"/>
        <testcase name="testIfRoyalStraightFlush" class="App\Card\PokerHandTest" classname="App.Card.PokerHandTest" file="/Users/emelieeklund/dbwebb-kurser/mvc/me/report/tests/Card/PokerHandTest.php" line="148" assertions="1" time="0.000168"/>
      </testsuite>
      <testsuite name="App\Card\PokerSquareTest" file="/Users/emelieeklund/dbwebb-kurser/mvc/me/report/tests/Card/PokerSquareTest.php" tests="11" assertions="11" errors="0" warnings="0" failures="0" skipped="0" time="0.002164">
        <testcase name="testRankAsNumber" class="App\Card\PokerSquareTest" classname="App.Card.PokerSquareTest" file="/Users/emelieeklund/dbwebb-kurser/mvc/me/report/tests/Card/PokerSquareTest.php" line="15" assertions="1" time="0.000179"/>
        <testcase name="testWhichPokerHandNoPokerHand" class="App\Card\PokerSquareTest" classname="App.Card.PokerSquareTest" file="/Users/emelieeklund/dbwebb-kurser/mvc/me/report/tests/Card/PokerSquareTest.php" line="26" assertions="1" time="0.000219"/>
        <testcase name="testWhichPokerHandOnePair" class="App\Card\PokerSquareTest" classname="App.Card.PokerSquareTest" file="/Users/emelieeklund/dbwebb-kurser/mvc/me/report/tests/Card/PokerSquareTest.php" line="37" assertions="1" time="0.000204"/>
        <testcase name="testWhichPokerHandTwoPairs" class="App\Card\PokerSquareTest" classname="App.Card.PokerSquareTest" file="/Users/emelieeklund/dbwebb-kurser/mvc/me/report/tests/Card/PokerSquareTest.php" line="48" assertions="1" time="0.000206"/>
        <testcase name="testWhichPokerHandThreeOfAKind" class="App\Card\PokerSquareTest" classname="App.Card.PokerSquareTest" file="/Users/emelieeklund/dbwebb-kurser/mvc/me/report/tests/Card/PokerSquareTest.php" line="59" assertions="1" time="0.000198"/>
        <testcase name="testWhichPokerHandStraight" class="App\Card\PokerSquareTest" classname="App.Card.PokerSquareTest" file="/Users/emelieeklund/dbwebb-kurser/mvc/me/report/tests/Card/PokerSquareTest.php" line="70" assertions="1" time="0.000210"/>
        <testcase name="testWhichPokerHandFlush" class="App\Card\PokerSquareTest" classname="App.Card.PokerSquareTest" file="/Users/emelieeklund/dbwebb-kurser/mvc/me/report/tests/Card/PokerSquareTest.php" line="83" assertions="1" time="0.000196"/>
        <testcase name="testWhichPokerHandFullHouse" class="App\Card\PokerSquareTest" classname="App.Card.PokerSquareTest" file="/Users/emelieeklund/dbwebb-kurser/mvc/me/report/tests/Card/PokerSquareTest.php" line="94" assertions="1" time="0.000192"/>
        <testcase name="testWhichPokerHandFourOfAKind" class="App\Card\PokerSquareTest" classname="App.Card.PokerSquareTest" file="/Users/emelieeklund/dbwebb-kurser/mvc/me/report/tests/Card/PokerSquareTest.php" line="105" assertions="1" time="0.000187"/>
        <testcase name="testWhichPokerHandStraightFlush" class="App\Card\PokerSquareTest" classname="App.Card.PokerSquareTest" file="/Users/emelieeklund/dbwebb-kurser/mvc/me/report/tests/Card/PokerSquareTest.php" line="116" assertions="1" time="0.000192"/>
        <testcase name="testWhichPokerHandRoyalStraightFlush" class="App\Card\PokerSquareTest" classname="App.Card.PokerSquareTest" file="/Users/emelieeklund/dbwebb-kurser/mvc/me/report/tests/Card/PokerSquareTest.php" line="127" assertions="1" time="0.000183"/>
      </testsuite>
    </testsuite>
  </testsuite>
</testsuites>
